[0.006s] Invoking command in '/home/tdt/tool/ros/build/my_msgs': CMAKE_PREFIX_PATH=${CMAKE_PREFIX_PATH}:/opt/ros/humble /usr/bin/cmake --build /home/tdt/tool/ros/build/my_msgs -- -j24 -l24
[0.021s] -- Found ament_cmake: 1.3.12 (/opt/ros/humble/share/ament_cmake/cmake)
[0.093s] -- Found ament_cmake_auto: 1.3.12 (/opt/ros/humble/share/ament_cmake_auto/cmake)
[0.128s] -- Using all available rosidl_typesupport_c: rosidl_typesupport_fastrtps_c;rosidl_typesupport_introspection_c
[0.129s] -- Found rosidl_adapter: 3.1.7 (/opt/ros/humble/share/rosidl_adapter/cmake)
[0.145s] -- Using all available rosidl_typesupport_cpp: rosidl_typesupport_fastrtps_cpp;rosidl_typesupport_introspection_cpp
[0.178s] -- Found rmw_implementation_cmake: 6.1.2 (/opt/ros/humble/share/rmw_implementation_cmake/cmake)
[0.178s] -- Found rmw_fastrtps_cpp: 6.2.8 (/opt/ros/humble/share/rmw_fastrtps_cpp/cmake)
[0.230s] -- Using RMW implementation 'rmw_fastrtps_cpp' as default
[0.362s] -- Found ament_cmake_ros: 0.10.0 (/opt/ros/humble/share/ament_cmake_ros/cmake)
[0.488s] -- Using all available rosidl_typesupport_c: rosidl_typesupport_fastrtps_c;rosidl_typesupport_introspection_c
[0.650s] -- Using all available rosidl_typesupport_cpp: rosidl_typesupport_fastrtps_cpp;rosidl_typesupport_introspection_cpp
[0.668s] -- Found python_cmake_module: 0.10.0 (/opt/ros/humble/share/python_cmake_module/cmake)
[0.683s] -- Using PYTHON_EXECUTABLE: /usr/bin/python3
[0.684s] -- Using PYTHON_INCLUDE_DIRS: /usr/include/python3.10
[0.684s] -- Using PYTHON_LIBRARIES: /usr/lib/x86_64-linux-gnu/libpython3.10.so
[0.699s] -- Added test 'copyright' to check source files copyright and LICENSE
[0.700s] -- Added test 'cppcheck' to perform static code analysis on C / C++ code
[0.700s] -- Configured cppcheck include dirs: /home/tdt/tool/ros/src/my_msgs/include
[0.700s] -- Configured cppcheck exclude dirs and/or files: 
[0.701s] -- Added test 'cpplint' to check C / C++ code against the Google style
[0.701s] -- Configured cpplint exclude dirs and/or files: 
[0.701s] -- Added test 'lint_cmake' to check CMake code style
[0.701s] -- Added test 'uncrustify' to check C / C++ code style
[0.701s] -- Configured uncrustify additional arguments: 
[0.701s] -- Added test 'xmllint' to check XML markup files
[0.702s] -- Configuring done
[0.722s] -- Generating done
[0.729s] -- Build files have been written to: /home/tdt/tool/ros/build/my_msgs
[0.748s] [35m[1mConsolidate compiler generated dependencies of target my_msgs__rosidl_generator_c[0m
[0.756s] [  2%] [32mBuilding CXX object CMakeFiles/listener_node.dir/src/listener.cpp.o[0m
[0.757s] [  5%] [32mBuilding CXX object CMakeFiles/talker1_node.dir/src/talker1.cpp.o[0m
[0.758s] [  8%] Built target my_msgs__cpp
[0.758s] [ 17%] Built target my_msgs__rosidl_generator_c
[0.762s] [ 17%] Built target ament_cmake_python_copy_my_msgs
[0.764s] [35m[1mConsolidate compiler generated dependencies of target my_msgs__rosidl_typesupport_cpp[0m
[0.765s] [35m[1mConsolidate compiler generated dependencies of target my_msgs__rosidl_typesupport_fastrtps_cpp[0m
[0.766s] [35m[1mConsolidate compiler generated dependencies of target my_msgs__rosidl_typesupport_introspection_cpp[0m
[0.769s] [35m[1mConsolidate compiler generated dependencies of target my_msgs__rosidl_typesupport_introspection_c[0m
[0.770s] [35m[1mConsolidate compiler generated dependencies of target my_msgs__rosidl_typesupport_c[0m
[0.770s] [35m[1mConsolidate compiler generated dependencies of target my_msgs__rosidl_typesupport_fastrtps_c[0m
[0.774s] [ 25%] Built target my_msgs__rosidl_typesupport_cpp
[0.775s] [ 34%] Built target my_msgs__rosidl_typesupport_fastrtps_cpp
[0.776s] [ 42%] Built target my_msgs__rosidl_typesupport_introspection_cpp
[0.780s] [ 51%] Built target my_msgs__rosidl_typesupport_c
[0.780s] [ 60%] Built target my_msgs__rosidl_typesupport_introspection_c
[0.781s] [ 68%] Built target my_msgs__rosidl_typesupport_fastrtps_c
[0.797s] [ 68%] Built target my_msgs
[0.815s] [ 71%] Built target my_msgs__py
[0.823s] [35m[1mConsolidate compiler generated dependencies of target my_msgs__rosidl_generator_py[0m
[0.832s] [ 77%] Built target my_msgs__rosidl_generator_py
[0.840s] [35m[1mConsolidate compiler generated dependencies of target my_msgs__rosidl_typesupport_fastrtps_c__pyext[0m
[0.841s] [35m[1mConsolidate compiler generated dependencies of target my_msgs__rosidl_typesupport_c__pyext[0m
[0.842s] [35m[1mConsolidate compiler generated dependencies of target my_msgs__rosidl_typesupport_introspection_c__pyext[0m
[0.851s] [ 82%] Built target my_msgs__rosidl_typesupport_c__pyext
[0.852s] [ 88%] Built target my_msgs__rosidl_typesupport_fastrtps_c__pyext
[0.853s] [ 94%] Built target my_msgs__rosidl_typesupport_introspection_c__pyext
[0.906s] [01m[K/home/tdt/tool/ros/src/my_msgs/src/listener.cpp:3:10:[m[K [01;31m[Kfatal error: [m[Kmy_msgs/msg/Msg1.hpp: No such file or directory
[0.906s]     3 | #include [01;31m[K"my_msgs/msg/Msg1.hpp"[m[K
[0.906s]       |          [01;31m[K^~~~~~~~~~~~~~~~~~~~~~[m[K
[0.906s] compilation terminated.
[0.910s] gmake[2]: *** [CMakeFiles/listener_node.dir/build.make:76: CMakeFiles/listener_node.dir/src/listener.cpp.o] Error 1
[0.910s] gmake[1]: *** [CMakeFiles/Makefile2:620: CMakeFiles/listener_node.dir/all] Error 2
[0.910s] gmake[1]: *** Waiting for unfinished jobs....
[0.916s] running egg_info
[0.916s] writing my_msgs.egg-info/PKG-INFO
[0.917s] writing dependency_links to my_msgs.egg-info/dependency_links.txt
[0.917s] writing top-level names to my_msgs.egg-info/top_level.txt
[0.918s] reading manifest file 'my_msgs.egg-info/SOURCES.txt'
[0.918s] writing manifest file 'my_msgs.egg-info/SOURCES.txt'
[0.939s] [ 94%] Built target ament_cmake_python_build_my_msgs_egg
[1.806s] [01m[K/home/tdt/tool/ros/src/my_msgs/src/talker1.cpp:31:21:[m[K [01;31m[Kerror: [m[Kâ€˜[01m[Kmy_msgs[m[Kâ€™ was not declared in this scope
[1.806s]    31 |   rclcpp::Publisher<[01;31m[Kmy_msgs[m[K::msg::Msg1>::SharedPtr publisher_;
[1.806s]       |                     [01;31m[K^~~~~~~[m[K
[1.806s] [01m[K/home/tdt/tool/ros/src/my_msgs/src/talker1.cpp:31:39:[m[K [01;31m[Kerror: [m[Ktemplate argument 1 is invalid
[1.806s]    31 |   rclcpp::Publisher<my_msgs::msg::Msg1[01;31m[K>[m[K::SharedPtr publisher_;
[1.806s]       |                                       [01;31m[K^[m[K
[1.806s] [01m[K/home/tdt/tool/ros/src/my_msgs/src/talker1.cpp:31:42:[m[K [01;31m[Kerror: [m[Kexpected â€˜[01m[K;[m[Kâ€™ at end of member declaration
[1.806s]    31 |   rclcpp::Publisher<my_msgs::msg::Msg1>::[01;31m[KSharedPtr[m[K publisher_;
[1.806s]       |                                          [01;31m[K^~~~~~~~~[m[K
[1.806s]       |                                                   [32m[K;[m[K
[1.807s] [01m[K/home/tdt/tool/ros/src/my_msgs/src/talker1.cpp:31:52:[m[K [01;31m[Kerror: [m[Kâ€˜[01m[Kpublisher_[m[Kâ€™ does not name a type; did you mean â€˜[01m[Krmw_publisher_t[m[Kâ€™?
[1.807s]    31 |   rclcpp::Publisher<my_msgs::msg::Msg1>::SharedPtr [01;31m[Kpublisher_[m[K;
[1.807s]       |                                                    [01;31m[K^~~~~~~~~~[m[K
[1.807s]       |                                                    [32m[Krmw_publisher_t[m[K
[1.811s] [01m[K/home/tdt/tool/ros/src/my_msgs/src/talker1.cpp:[m[K In constructor â€˜[01m[KMinimalPublisher::MinimalPublisher()[m[Kâ€™:
[1.811s] [01m[K/home/tdt/tool/ros/src/my_msgs/src/talker1.cpp:12:5:[m[K [01;31m[Kerror: [m[Kâ€˜[01m[Kpublisher_[m[Kâ€™ was not declared in this scope; did you mean â€˜[01m[Krmw_publisher_t[m[Kâ€™?
[1.811s]    12 |     [01;31m[Kpublisher_[m[K = this->create_publisher<my_msgs::msg::Msg1>("topic", 10);
[1.811s]       |     [01;31m[K^~~~~~~~~~[m[K
[1.811s]       |     [32m[Krmw_publisher_t[m[K
[1.814s] [01m[K/home/tdt/tool/ros/src/my_msgs/src/talker1.cpp:12:41:[m[K [01;31m[Kerror: [m[Kâ€˜[01m[Kmy_msgs[m[Kâ€™ was not declared in this scope
[1.814s]    12 |     publisher_ = this->create_publisher<[01;31m[Kmy_msgs[m[K::msg::Msg1>("topic", 10);
[1.814s]       |                                         [01;31m[K^~~~~~~[m[K
[1.814s] [01m[K/home/tdt/tool/ros/src/my_msgs/src/talker1.cpp:12:24:[m[K [01;31m[Kerror: [m[Kparse error in template argument list
[1.814s]    12 |     publisher_ = this->[01;31m[Kcreate_publisher<my_msgs::msg::Msg1>[m[K("topic", 10);
[1.814s]       |                        [01;31m[K^~~~~~~~~~~~~~~~~~~~~~~~~~~~~~~~~~~~[m[K
[1.814s] [01m[K/home/tdt/tool/ros/src/my_msgs/src/talker1.cpp:12:60:[m[K [01;31m[Kerror: [m[Kno matching function for call to â€˜[01m[KMinimalPublisher::create_publisher<<expression error> >(const char [6], int)[m[Kâ€™
[1.814s]    12 |     publisher_ = [01;31m[Kthis->create_publisher<my_msgs::msg::Msg1>("topic", 10)[m[K;
[1.814s]       |                  [01;31m[K~~~~~~~~~~~~~~~~~~~~~~~~~~~~~~~~~~~~~~~~~~^~~~~~~~~~~~~[m[K
[1.814s] In file included from [01m[K/opt/ros/humble/include/rclcpp/rclcpp/executors/single_threaded_executor.hpp:28[m[K,
[1.814s]                  from [01m[K/opt/ros/humble/include/rclcpp/rclcpp/executors.hpp:22[m[K,
[1.814s]                  from [01m[K/opt/ros/humble/include/rclcpp/rclcpp/rclcpp.hpp:155[m[K,
[1.814s]                  from [01m[K/home/tdt/tool/ros/src/my_msgs/src/talker1.cpp:5[m[K:
[1.814s] [01m[K/opt/ros/humble/include/rclcpp/rclcpp/node.hpp:195:3:[m[K [01;36m[Knote: [m[Kcandidate: â€˜[01m[Ktemplate<class MessageT, class AllocatorT, class PublisherT> std::shared_ptr<PublisherT> rclcpp::Node::create_publisher(const string&, const rclcpp::QoS&, const rclcpp::PublisherOptionsWithAllocator<AllocatorT>&)[m[Kâ€™
[1.814s]   195 |   [01;36m[Kcreate_publisher[m[K(
[1.814s]       |   [01;36m[K^~~~~~~~~~~~~~~~[m[K
[1.814s] [01m[K/opt/ros/humble/include/rclcpp/rclcpp/node.hpp:195:3:[m[K [01;36m[Knote: [m[K  template argument deduction/substitution failed:
[1.814s] [01m[K/home/tdt/tool/ros/src/my_msgs/src/talker1.cpp:12:60:[m[K [01;31m[Kerror: [m[Ktemplate argument 1 is invalid
[1.814s]    12 |     publisher_ = [01;31m[Kthis->create_publisher<my_msgs::msg::Msg1>("topic", 10)[m[K;
[1.814s]       |                  [01;31m[K~~~~~~~~~~~~~~~~~~~~~~~~~~~~~~~~~~~~~~~~~~^~~~~~~~~~~~~[m[K
[1.819s] [01m[K/home/tdt/tool/ros/src/my_msgs/src/talker1.cpp:[m[K In member function â€˜[01m[Kvoid MinimalPublisher::timer_callback()[m[Kâ€™:
[1.819s] [01m[K/home/tdt/tool/ros/src/my_msgs/src/talker1.cpp:23:5:[m[K [01;31m[Kerror: [m[Kâ€˜[01m[Kmy_msgs[m[Kâ€™ has not been declared
[1.819s]    23 |     [01;31m[Kmy_msgs[m[K::msg::Msg1 msg;
[1.819s]       |     [01;31m[K^~~~~~~[m[K
[1.819s] [01m[K/home/tdt/tool/ros/src/my_msgs/src/talker1.cpp:24:5:[m[K [01;31m[Kerror: [m[Kâ€˜[01m[Kmsg[m[Kâ€™ was not declared in this scope
[1.819s]    24 |     [01;31m[Kmsg[m[K.header.stamp = this->get_clock()->now();  // è®¾ç½®æ—¶é—´æˆ³
[1.819s]       |     [01;31m[K^~~[m[K
[1.819s] [01m[K/home/tdt/tool/ros/src/my_msgs/src/talker1.cpp:24:5:[m[K [01;36m[Knote: [m[Ksuggested alternatives:
[1.819s] In file included from [01m[K/opt/ros/humble/include/builtin_interfaces/builtin_interfaces/msg/duration.hpp:7[m[K,
[1.819s]                  from [01m[K/opt/ros/humble/include/rclcpp/rclcpp/duration.hpp:20[m[K,
[1.820s]                  from [01m[K/opt/ros/humble/include/rclcpp/rclcpp/qos.hpp:20[m[K,
[1.820s]                  from [01m[K/opt/ros/humble/include/rclcpp/rclcpp/node_interfaces/node_graph_interface.hpp:32[m[K,
[1.820s]                  from [01m[K/opt/ros/humble/include/rclcpp/rclcpp/client.hpp:42[m[K,
[1.820s]                  from [01m[K/opt/ros/humble/include/rclcpp/rclcpp/callback_group.hpp:24[m[K,
[1.820s]                  from [01m[K/opt/ros/humble/include/rclcpp/rclcpp/any_executable.hpp:20[m[K,
[1.820s]                  from [01m[K/opt/ros/humble/include/rclcpp/rclcpp/memory_strategy.hpp:25[m[K,
[1.820s]                  from [01m[K/opt/ros/humble/include/rclcpp/rclcpp/memory_strategies.hpp:18[m[K,
[1.820s]                  from [01m[K/opt/ros/humble/include/rclcpp/rclcpp/executor_options.hpp:20[m[K,
[1.820s]                  from [01m[K/opt/ros/humble/include/rclcpp/rclcpp/executor.hpp:37[m[K,
[1.820s]                  from [01m[K/opt/ros/humble/include/rclcpp/rclcpp/executors/multi_threaded_executor.hpp:25[m[K,
[1.820s]                  from [01m[K/opt/ros/humble/include/rclcpp/rclcpp/executors.hpp:21[m[K,
[1.820s]                  from [01m[K/opt/ros/humble/include/rclcpp/rclcpp/rclcpp.hpp:155[m[K,
[1.820s]                  from [01m[K/home/tdt/tool/ros/src/my_msgs/src/talker1.cpp:5[m[K:
[1.820s] [01m[K/opt/ros/humble/include/builtin_interfaces/builtin_interfaces/msg/detail/duration__struct.hpp:27:11:[m[K [01;36m[Knote: [m[K  â€˜[01m[Kbuiltin_interfaces::msg[m[Kâ€™
[1.820s]    27 | namespace [01;36m[Kmsg[m[K
[1.820s]       |           [01;36m[K^~~[m[K
[1.820s] In file included from [01m[K/opt/ros/humble/include/rcl_interfaces/rcl_interfaces/msg/set_parameters_result.hpp:7[m[K,
[1.820s]                  from [01m[K/opt/ros/humble/include/rclcpp/rclcpp/qos_overriding_options.hpp:28[m[K,
[1.820s]                  from [01m[K/opt/ros/humble/include/rclcpp/rclcpp/subscription_options.hpp:30[m[K,
[1.820s]                  from [01m[K/opt/ros/humble/include/rclcpp/rclcpp/subscription.hpp:45[m[K,
[1.820s]                  from [01m[K/opt/ros/humble/include/rclcpp/rclcpp/any_executable.hpp:25[m[K,
[1.820s]                  from [01m[K/opt/ros/humble/include/rclcpp/rclcpp/memory_strategy.hpp:25[m[K,
[1.820s]                  from [01m[K/opt/ros/humble/include/rclcpp/rclcpp/memory_strategies.hpp:18[m[K,
[1.820s]                  from [01m[K/opt/ros/humble/include/rclcpp/rclcpp/executor_options.hpp:20[m[K,
[1.820s]                  from [01m[K/opt/ros/humble/include/rclcpp/rclcpp/executor.hpp:37[m[K,
[1.820s]                  from [01m[K/opt/ros/humble/include/rclcpp/rclcpp/executors/multi_threaded_executor.hpp:25[m[K,
[1.820s]                  from [01m[K/opt/ros/humble/include/rclcpp/rclcpp/executors.hpp:21[m[K,
[1.820s]                  from [01m[K/opt/ros/humble/include/rclcpp/rclcpp/rclcpp.hpp:155[m[K,
[1.820s]                  from [01m[K/home/tdt/tool/ros/src/my_msgs/src/talker1.cpp:5[m[K:
[1.820s] [01m[K/opt/ros/humble/include/rcl_interfaces/rcl_interfaces/msg/detail/set_parameters_result__struct.hpp:27:11:[m[K [01;36m[Knote: [m[K  â€˜[01m[Krcl_interfaces::msg[m[Kâ€™
[1.820s]    27 | namespace [01;36m[Kmsg[m[K
[1.820s]       |           [01;36m[K^~~[m[K
[1.820s] In file included from [01m[K/opt/ros/humble/include/statistics_msgs/statistics_msgs/msg/detail/metrics_message__struct.hpp:23[m[K,
[1.820s]                  from [01m[K/opt/ros/humble/include/statistics_msgs/statistics_msgs/msg/metrics_message.hpp:7[m[K,
[1.820s]                  from [01m[K/opt/ros/humble/include/libstatistics_collector/libstatistics_collector/collector/generate_statistics_message.hpp:21[m[K,
[1.821s]                  from [01m[K/opt/ros/humble/include/rclcpp/rclcpp/topic_statistics/subscription_topic_statistics.hpp:23[m[K,
[1.821s]                  from [01m[K/opt/ros/humble/include/rclcpp/rclcpp/subscription.hpp:50[m[K,
[1.821s]                  from [01m[K/opt/ros/humble/include/rclcpp/rclcpp/any_executable.hpp:25[m[K,
[1.822s]                  from [01m[K/opt/ros/humble/include/rclcpp/rclcpp/memory_strategy.hpp:25[m[K,
[1.822s]                  from [01m[K/opt/ros/humble/include/rclcpp/rclcpp/memory_strategies.hpp:18[m[K,
[1.822s]                  from [01m[K/opt/ros/humble/include/rclcpp/rclcpp/executor_options.hpp:20[m[K,
[1.822s]                  from [01m[K/opt/ros/humble/include/rclcpp/rclcpp/executor.hpp:37[m[K,
[1.822s]                  from [01m[K/opt/ros/humble/include/rclcpp/rclcpp/executors/multi_threaded_executor.hpp:25[m[K,
[1.822s]                  from [01m[K/opt/ros/humble/include/rclcpp/rclcpp/executors.hpp:21[m[K,
[1.822s]                  from [01m[K/opt/ros/humble/include/rclcpp/rclcpp/rclcpp.hpp:155[m[K,
[1.822s]                  from [01m[K/home/tdt/tool/ros/src/my_msgs/src/talker1.cpp:5[m[K:
[1.822s] [01m[K/opt/ros/humble/include/statistics_msgs/statistics_msgs/msg/detail/statistic_data_point__struct.hpp:27:11:[m[K [01;36m[Knote: [m[K  â€˜[01m[Kstatistics_msgs::msg[m[Kâ€™
[1.822s]    27 | namespace [01;36m[Kmsg[m[K
[1.822s]       |           [01;36m[K^~~[m[K
[1.822s] In file included from [01m[K/opt/ros/humble/include/std_msgs/std_msgs/msg/string.hpp:7[m[K,
[1.822s]                  from [01m[K/home/tdt/tool/ros/src/my_msgs/src/talker1.cpp:6[m[K:
[1.822s] [01m[K/opt/ros/humble/include/std_msgs/std_msgs/msg/detail/string__struct.hpp:27:11:[m[K [01;36m[Knote: [m[K  â€˜[01m[Kstd_msgs::msg[m[Kâ€™
[1.822s]    27 | namespace [01;36m[Kmsg[m[K
[1.822s]       |           [01;36m[K^~~[m[K
[1.822s] [01m[K/home/tdt/tool/ros/src/my_msgs/src/talker1.cpp:28:5:[m[K [01;31m[Kerror: [m[Kâ€˜[01m[Kpublisher_[m[Kâ€™ was not declared in this scope; did you mean â€˜[01m[Krmw_publisher_t[m[Kâ€™?
[1.822s]    28 |     [01;31m[Kpublisher_[m[K->publish(msg);
[1.822s]       |     [01;31m[K^~~~~~~~~~[m[K
[1.822s]       |     [32m[Krmw_publisher_t[m[K
[2.032s] gmake[2]: *** [CMakeFiles/talker1_node.dir/build.make:76: CMakeFiles/talker1_node.dir/src/talker1.cpp.o] Error 1
[2.032s] gmake[1]: *** [CMakeFiles/Makefile2:594: CMakeFiles/talker1_node.dir/all] Error 2
[2.033s] gmake: *** [Makefile:146: all] Error 2
[2.034s] Invoked command in '/home/tdt/tool/ros/build/my_msgs' returned '2': CMAKE_PREFIX_PATH=${CMAKE_PREFIX_PATH}:/opt/ros/humble /usr/bin/cmake --build /home/tdt/tool/ros/build/my_msgs -- -j24 -l24
