[0.006s] Invoking command in '/home/tdt/tool/ros/build/project1': CMAKE_PREFIX_PATH=/home/tdt/tool/ros/install/my_msgs:/home/tdt/tool/ros/install/project1:/opt/ros/humble /usr/bin/cmake --build /home/tdt/tool/ros/build/project1 -- -j24 -l24
[0.023s] -- Found ament_cmake: 1.3.12 (/opt/ros/humble/share/ament_cmake/cmake)
[0.092s] -- Found ament_cmake_auto: 1.3.12 (/opt/ros/humble/share/ament_cmake_auto/cmake)
[0.147s] -- Found rosidl_generator_c: 3.1.7 (/opt/ros/humble/share/rosidl_generator_c/cmake)
[0.147s] -- Found rosidl_adapter: 3.1.7 (/opt/ros/humble/share/rosidl_adapter/cmake)
[0.150s] -- Found rosidl_generator_cpp: 3.1.7 (/opt/ros/humble/share/rosidl_generator_cpp/cmake)
[0.154s] -- Using all available rosidl_typesupport_c: rosidl_typesupport_fastrtps_c;rosidl_typesupport_introspection_c
[0.159s] -- Using all available rosidl_typesupport_cpp: rosidl_typesupport_fastrtps_cpp;rosidl_typesupport_introspection_cpp
[0.173s] -- Found rmw_implementation_cmake: 6.1.2 (/opt/ros/humble/share/rmw_implementation_cmake/cmake)
[0.173s] -- Found rmw_fastrtps_cpp: 6.2.8 (/opt/ros/humble/share/rmw_fastrtps_cpp/cmake)
[0.219s] -- Using RMW implementation 'rmw_fastrtps_cpp' as default
[0.254s] [0mIn this package, headers install destination is set to `include` by ament_auto_package. It is recommended to install `include/project1` instead and will be the default behavior of ament_auto_package from ROS 2 Kilted Kaiju. On distributions before Kilted, ament_auto_package behaves the same way when you use USE_SCOPED_HEADER_INSTALL_DIR option.[0m
[0.256s] -- Configuring done
[0.261s] -- Generating done
[0.264s] -- Build files have been written to: /home/tdt/tool/ros/build/project1
[0.281s] [35m[1mConsolidate compiler generated dependencies of target talker1_node[0m
[0.282s] [35m[1mConsolidate compiler generated dependencies of target listener_node[0m
[0.291s] [ 25%] [32mBuilding CXX object CMakeFiles/talker1_node.dir/src/talker1.cpp.o[0m
[0.295s] [ 50%] [32mBuilding CXX object CMakeFiles/listener_node.dir/src/listener.cpp.o[0m
[1.474s] [01m[K/home/tdt/tool/ros/src/project1/src/talker1.cpp:31:21:[m[K [01;31m[Kerror: [m[Kâ€˜[01m[Kmy_msgs[m[Kâ€™ was not declared in this scope
[1.474s]    31 |   rclcpp::Publisher<[01;31m[Kmy_msgs[m[K::msg::Msg1>::SharedPtr publisher_;
[1.474s]       |                     [01;31m[K^~~~~~~[m[K
[1.474s] [01m[K/home/tdt/tool/ros/src/project1/src/talker1.cpp:31:39:[m[K [01;31m[Kerror: [m[Ktemplate argument 1 is invalid
[1.474s]    31 |   rclcpp::Publisher<my_msgs::msg::Msg1[01;31m[K>[m[K::SharedPtr publisher_;
[1.474s]       |                                       [01;31m[K^[m[K
[1.474s] [01m[K/home/tdt/tool/ros/src/project1/src/talker1.cpp:31:42:[m[K [01;31m[Kerror: [m[Kexpected â€˜[01m[K;[m[Kâ€™ at end of member declaration
[1.474s]    31 |   rclcpp::Publisher<my_msgs::msg::Msg1>::[01;31m[KSharedPtr[m[K publisher_;
[1.474s]       |                                          [01;31m[K^~~~~~~~~[m[K
[1.474s]       |                                                   [32m[K;[m[K
[1.474s] [01m[K/home/tdt/tool/ros/src/project1/src/talker1.cpp:31:52:[m[K [01;31m[Kerror: [m[Kâ€˜[01m[Kpublisher_[m[Kâ€™ does not name a type; did you mean â€˜[01m[Krmw_publisher_t[m[Kâ€™?
[1.474s]    31 |   rclcpp::Publisher<my_msgs::msg::Msg1>::SharedPtr [01;31m[Kpublisher_[m[K;
[1.474s]       |                                                    [01;31m[K^~~~~~~~~~[m[K
[1.474s]       |                                                    [32m[Krmw_publisher_t[m[K
[1.479s] [01m[K/home/tdt/tool/ros/src/project1/src/talker1.cpp:[m[K In constructor â€˜[01m[KMinimalPublisher::MinimalPublisher()[m[Kâ€™:
[1.479s] [01m[K/home/tdt/tool/ros/src/project1/src/talker1.cpp:12:5:[m[K [01;31m[Kerror: [m[Kâ€˜[01m[Kpublisher_[m[Kâ€™ was not declared in this scope; did you mean â€˜[01m[Krmw_publisher_t[m[Kâ€™?
[1.479s]    12 |     [01;31m[Kpublisher_[m[K = this->create_publisher<my_msgs::msg::Msg1>("topic", 10);
[1.479s]       |     [01;31m[K^~~~~~~~~~[m[K
[1.479s]       |     [32m[Krmw_publisher_t[m[K
[1.481s] [01m[K/home/tdt/tool/ros/src/project1/src/talker1.cpp:12:41:[m[K [01;31m[Kerror: [m[Kâ€˜[01m[Kmy_msgs[m[Kâ€™ was not declared in this scope
[1.481s]    12 |     publisher_ = this->create_publisher<[01;31m[Kmy_msgs[m[K::msg::Msg1>("topic", 10);
[1.481s]       |                                         [01;31m[K^~~~~~~[m[K
[1.481s] [01m[K/home/tdt/tool/ros/src/project1/src/talker1.cpp:12:24:[m[K [01;31m[Kerror: [m[Kparse error in template argument list
[1.482s]    12 |     publisher_ = this->[01;31m[Kcreate_publisher<my_msgs::msg::Msg1>[m[K("topic", 10);
[1.483s]       |                        [01;31m[K^~~~~~~~~~~~~~~~~~~~~~~~~~~~~~~~~~~~[m[K
[1.483s] [01m[K/home/tdt/tool/ros/src/project1/src/talker1.cpp:12:60:[m[K [01;31m[Kerror: [m[Kno matching function for call to â€˜[01m[KMinimalPublisher::create_publisher<<expression error> >(const char [6], int)[m[Kâ€™
[1.483s]    12 |     publisher_ = [01;31m[Kthis->create_publisher<my_msgs::msg::Msg1>("topic", 10)[m[K;
[1.483s]       |                  [01;31m[K~~~~~~~~~~~~~~~~~~~~~~~~~~~~~~~~~~~~~~~~~~^~~~~~~~~~~~~[m[K
[1.483s] In file included from [01m[K/opt/ros/humble/include/rclcpp/rclcpp/executors/single_threaded_executor.hpp:28[m[K,
[1.483s]                  from [01m[K/opt/ros/humble/include/rclcpp/rclcpp/executors.hpp:22[m[K,
[1.483s]                  from [01m[K/opt/ros/humble/include/rclcpp/rclcpp/rclcpp.hpp:155[m[K,
[1.483s]                  from [01m[K/home/tdt/tool/ros/src/project1/src/talker1.cpp:5[m[K:
[1.483s] [01m[K/opt/ros/humble/include/rclcpp/rclcpp/node.hpp:195:3:[m[K [01;36m[Knote: [m[Kcandidate: â€˜[01m[Ktemplate<class MessageT, class AllocatorT, class PublisherT> std::shared_ptr<PublisherT> rclcpp::Node::create_publisher(const string&, const rclcpp::QoS&, const rclcpp::PublisherOptionsWithAllocator<AllocatorT>&)[m[Kâ€™
[1.483s]   195 |   [01;36m[Kcreate_publisher[m[K(
[1.483s]       |   [01;36m[K^~~~~~~~~~~~~~~~[m[K
[1.483s] [01m[K/opt/ros/humble/include/rclcpp/rclcpp/node.hpp:195:3:[m[K [01;36m[Knote: [m[K  template argument deduction/substitution failed:
[1.483s] [01m[K/home/tdt/tool/ros/src/project1/src/talker1.cpp:12:60:[m[K [01;31m[Kerror: [m[Ktemplate argument 1 is invalid
[1.483s]    12 |     publisher_ = [01;31m[Kthis->create_publisher<my_msgs::msg::Msg1>("topic", 10)[m[K;
[1.483s]       |                  [01;31m[K~~~~~~~~~~~~~~~~~~~~~~~~~~~~~~~~~~~~~~~~~~^~~~~~~~~~~~~[m[K
[1.488s] [01m[K/home/tdt/tool/ros/src/project1/src/talker1.cpp:[m[K In member function â€˜[01m[Kvoid MinimalPublisher::timer_callback()[m[Kâ€™:
[1.488s] [01m[K/home/tdt/tool/ros/src/project1/src/talker1.cpp:23:5:[m[K [01;31m[Kerror: [m[Kâ€˜[01m[Kmy_msgs[m[Kâ€™ has not been declared
[1.488s]    23 |     [01;31m[Kmy_msgs[m[K::msg::Msg1 msg;
[1.488s]       |     [01;31m[K^~~~~~~[m[K
[1.488s] [01m[K/home/tdt/tool/ros/src/project1/src/talker1.cpp:24:5:[m[K [01;31m[Kerror: [m[Kâ€˜[01m[Kmsg[m[Kâ€™ was not declared in this scope
[1.488s]    24 |     [01;31m[Kmsg[m[K.header.stamp = this->get_clock()->now();  // è®¾ç½®æ—¶é—´æˆ³
[1.488s]       |     [01;31m[K^~~[m[K
[1.488s] [01m[K/home/tdt/tool/ros/src/project1/src/talker1.cpp:24:5:[m[K [01;36m[Knote: [m[Ksuggested alternatives:
[1.488s] In file included from [01m[K/opt/ros/humble/include/builtin_interfaces/builtin_interfaces/msg/duration.hpp:7[m[K,
[1.488s]                  from [01m[K/opt/ros/humble/include/rclcpp/rclcpp/duration.hpp:20[m[K,
[1.488s]                  from [01m[K/opt/ros/humble/include/rclcpp/rclcpp/qos.hpp:20[m[K,
[1.488s]                  from [01m[K/opt/ros/humble/include/rclcpp/rclcpp/node_interfaces/node_graph_interface.hpp:32[m[K,
[1.488s]                  from [01m[K/opt/ros/humble/include/rclcpp/rclcpp/client.hpp:42[m[K,
[1.488s]                  from [01m[K/opt/ros/humble/include/rclcpp/rclcpp/callback_group.hpp:24[m[K,
[1.488s]                  from [01m[K/opt/ros/humble/include/rclcpp/rclcpp/any_executable.hpp:20[m[K,
[1.488s]                  from [01m[K/opt/ros/humble/include/rclcpp/rclcpp/memory_strategy.hpp:25[m[K,
[1.488s]                  from [01m[K/opt/ros/humble/include/rclcpp/rclcpp/memory_strategies.hpp:18[m[K,
[1.488s]                  from [01m[K/opt/ros/humble/include/rclcpp/rclcpp/executor_options.hpp:20[m[K,
[1.488s]                  from [01m[K/opt/ros/humble/include/rclcpp/rclcpp/executor.hpp:37[m[K,
[1.488s]                  from [01m[K/opt/ros/humble/include/rclcpp/rclcpp/executors/multi_threaded_executor.hpp:25[m[K,
[1.488s]                  from [01m[K/opt/ros/humble/include/rclcpp/rclcpp/executors.hpp:21[m[K,
[1.489s]                  from [01m[K/opt/ros/humble/include/rclcpp/rclcpp/rclcpp.hpp:155[m[K,
[1.489s]                  from [01m[K/home/tdt/tool/ros/src/project1/src/talker1.cpp:5[m[K:
[1.489s] [01m[K/opt/ros/humble/include/builtin_interfaces/builtin_interfaces/msg/detail/duration__struct.hpp:27:11:[m[K [01;36m[Knote: [m[K  â€˜[01m[Kbuiltin_interfaces::msg[m[Kâ€™
[1.489s]    27 | namespace [01;36m[Kmsg[m[K
[1.489s]       |           [01;36m[K^~~[m[K
[1.489s] In file included from [01m[K/opt/ros/humble/include/rcl_interfaces/rcl_interfaces/msg/set_parameters_result.hpp:7[m[K,
[1.489s]                  from [01m[K/opt/ros/humble/include/rclcpp/rclcpp/qos_overriding_options.hpp:28[m[K,
[1.489s]                  from [01m[K/opt/ros/humble/include/rclcpp/rclcpp/subscription_options.hpp:30[m[K,
[1.489s]                  from [01m[K/opt/ros/humble/include/rclcpp/rclcpp/subscription.hpp:45[m[K,
[1.489s]                  from [01m[K/opt/ros/humble/include/rclcpp/rclcpp/any_executable.hpp:25[m[K,
[1.489s]                  from [01m[K/opt/ros/humble/include/rclcpp/rclcpp/memory_strategy.hpp:25[m[K,
[1.489s]                  from [01m[K/opt/ros/humble/include/rclcpp/rclcpp/memory_strategies.hpp:18[m[K,
[1.489s]                  from [01m[K/opt/ros/humble/include/rclcpp/rclcpp/executor_options.hpp:20[m[K,
[1.489s]                  from [01m[K/opt/ros/humble/include/rclcpp/rclcpp/executor.hpp:37[m[K,
[1.489s]                  from [01m[K/opt/ros/humble/include/rclcpp/rclcpp/executors/multi_threaded_executor.hpp:25[m[K,
[1.489s]                  from [01m[K/opt/ros/humble/include/rclcpp/rclcpp/executors.hpp:21[m[K,
[1.489s]                  from [01m[K/opt/ros/humble/include/rclcpp/rclcpp/rclcpp.hpp:155[m[K,
[1.489s]                  from [01m[K/home/tdt/tool/ros/src/project1/src/talker1.cpp:5[m[K:
[1.489s] [01m[K/opt/ros/humble/include/rcl_interfaces/rcl_interfaces/msg/detail/set_parameters_result__struct.hpp:27:11:[m[K [01;36m[Knote: [m[K  â€˜[01m[Krcl_interfaces::msg[m[Kâ€™
[1.489s]    27 | namespace [01;36m[Kmsg[m[K
[1.489s]       |           [01;36m[K^~~[m[K
[1.489s] In file included from [01m[K/opt/ros/humble/include/statistics_msgs/statistics_msgs/msg/detail/metrics_message__struct.hpp:23[m[K,
[1.489s]                  from [01m[K/opt/ros/humble/include/statistics_msgs/statistics_msgs/msg/metrics_message.hpp:7[m[K,
[1.489s]                  from [01m[K/opt/ros/humble/include/libstatistics_collector/libstatistics_collector/collector/generate_statistics_message.hpp:21[m[K,
[1.491s]                  from [01m[K/opt/ros/humble/include/rclcpp/rclcpp/topic_statistics/subscription_topic_statistics.hpp:23[m[K,
[1.491s]                  from [01m[K/opt/ros/humble/include/rclcpp/rclcpp/subscription.hpp:50[m[K,
[1.491s]                  from [01m[K/opt/ros/humble/include/rclcpp/rclcpp/any_executable.hpp:25[m[K,
[1.491s]                  from [01m[K/opt/ros/humble/include/rclcpp/rclcpp/memory_strategy.hpp:25[m[K,
[1.491s]                  from [01m[K/opt/ros/humble/include/rclcpp/rclcpp/memory_strategies.hpp:18[m[K,
[1.491s]                  from [01m[K/opt/ros/humble/include/rclcpp/rclcpp/executor_options.hpp:20[m[K,
[1.491s]                  from [01m[K/opt/ros/humble/include/rclcpp/rclcpp/executor.hpp:37[m[K,
[1.491s]                  from [01m[K/opt/ros/humble/include/rclcpp/rclcpp/executors/multi_threaded_executor.hpp:25[m[K,
[1.491s]                  from [01m[K/opt/ros/humble/include/rclcpp/rclcpp/executors.hpp:21[m[K,
[1.492s]                  from [01m[K/opt/ros/humble/include/rclcpp/rclcpp/rclcpp.hpp:155[m[K,
[1.492s]                  from [01m[K/home/tdt/tool/ros/src/project1/src/talker1.cpp:5[m[K:
[1.492s] [01m[K/opt/ros/humble/include/statistics_msgs/statistics_msgs/msg/detail/statistic_data_point__struct.hpp:27:11:[m[K [01;36m[Knote: [m[K  â€˜[01m[Kstatistics_msgs::msg[m[Kâ€™
[1.492s]    27 | namespace [01;36m[Kmsg[m[K
[1.492s]       |           [01;36m[K^~~[m[K
[1.492s] In file included from [01m[K/opt/ros/humble/include/std_msgs/std_msgs/msg/string.hpp:7[m[K,
[1.492s]                  from [01m[K/home/tdt/tool/ros/src/project1/src/talker1.cpp:6[m[K:
[1.492s] [01m[K/opt/ros/humble/include/std_msgs/std_msgs/msg/detail/string__struct.hpp:27:11:[m[K [01;36m[Knote: [m[K  â€˜[01m[Kstd_msgs::msg[m[Kâ€™
[1.492s]    27 | namespace [01;36m[Kmsg[m[K
[1.492s]       |           [01;36m[K^~~[m[K
[1.493s] [01m[K/home/tdt/tool/ros/src/project1/src/talker1.cpp:28:5:[m[K [01;31m[Kerror: [m[Kâ€˜[01m[Kpublisher_[m[Kâ€™ was not declared in this scope; did you mean â€˜[01m[Krmw_publisher_t[m[Kâ€™?
[1.493s]    28 |     [01;31m[Kpublisher_[m[K->publish(msg);
[1.493s]       |     [01;31m[K^~~~~~~~~~[m[K
[1.493s]       |     [32m[Krmw_publisher_t[m[K
[1.747s] gmake[2]: *** [CMakeFiles/talker1_node.dir/build.make:76: CMakeFiles/talker1_node.dir/src/talker1.cpp.o] Error 1
[1.747s] gmake[1]: *** [CMakeFiles/Makefile2:139: CMakeFiles/talker1_node.dir/all] Error 2
[1.747s] gmake[1]: *** Waiting for unfinished jobs....
[1.863s] [01m[K/home/tdt/tool/ros/src/project1/src/listener.cpp:[m[K In member function â€˜[01m[Kvoid MinimalSubscriber::topic_callback(const Msg1&) const[m[Kâ€™:
[1.864s] [01m[K/home/tdt/tool/ros/src/project1/src/listener.cpp:19:34:[m[K [01;31m[Kerror: [m[Kinvalid initialization of reference of type â€˜[01m[Kconst String&[m[Kâ€™ {aka â€˜[01m[Kconst std::__cxx11::basic_string<char>&[m[Kâ€™} from expression of type â€˜[01m[Kconst _num_type[m[Kâ€™ {aka â€˜[01m[Kconst unsigned char[m[Kâ€™}
[1.864s]    19 |             cv::putText(img, [01;31m[Kmsg.num[m[K, cv::Point(50, 200), cv::FONT_HERSHEY_SIMPLEX, 0.8, cv::Scalar(0, 0, 0), 2);
[1.864s]       |                              [01;31m[K~~~~^~~[m[K
[1.864s] In file included from [01m[K/usr/local/include/opencv4/opencv2/opencv.hpp:74[m[K,
[1.864s]                  from [01m[K/home/tdt/tool/ros/src/project1/src/listener.cpp:4[m[K:
[1.864s] [01m[K/usr/local/include/opencv4/opencv2/imgproc.hpp:4798:64:[m[K [01;36m[Knote: [m[Kin passing argument 2 of â€˜[01m[Kvoid cv::putText(cv::InputOutputArray, const String&, cv::Point, int, double, cv::Scalar, int, int, bool)[m[Kâ€™
[1.864s]  4798 | CV_EXPORTS_W void putText( InputOutputArray img, [01;36m[Kconst String& text[m[K, Point org,
[1.864s]       |                                                  [01;36m[K~~~~~~~~~~~~~~^~~~[m[K
[3.145s] gmake[2]: *** [CMakeFiles/listener_node.dir/build.make:76: CMakeFiles/listener_node.dir/src/listener.cpp.o] Error 1
[3.145s] gmake[1]: *** [CMakeFiles/Makefile2:165: CMakeFiles/listener_node.dir/all] Error 2
[3.146s] gmake: *** [Makefile:146: all] Error 2
[3.147s] Invoked command in '/home/tdt/tool/ros/build/project1' returned '2': CMAKE_PREFIX_PATH=/home/tdt/tool/ros/install/my_msgs:/home/tdt/tool/ros/install/project1:/opt/ros/humble /usr/bin/cmake --build /home/tdt/tool/ros/build/project1 -- -j24 -l24
