[0.007s] Invoking command in '/home/tdt/tool/ros/build/my_msgs': /usr/bin/cmake --build /home/tdt/tool/ros/build/my_msgs -- -j24 -l24
[0.025s] -- Found ament_cmake: 1.3.12 (/opt/ros/humble/share/ament_cmake/cmake)
[0.096s] -- Found ament_cmake_auto: 1.3.12 (/opt/ros/humble/share/ament_cmake_auto/cmake)
[0.122s] Error parsing '/home/tdt/tool/ros/src/my_msgs/package.xml':
[0.142s] Traceback (most recent call last):
[0.142s]   File "/opt/ros/humble/share/ament_cmake_core/cmake/core/package_xml_2_cmake.py", line 150, in <module>
[0.142s]     main()
[0.142s]   File "/opt/ros/humble/share/ament_cmake_core/cmake/core/package_xml_2_cmake.py", line 53, in main
[0.142s]     raise e
[0.142s]   File "/opt/ros/humble/share/ament_cmake_core/cmake/core/package_xml_2_cmake.py", line 49, in main
[0.142s]     package = parse_package_string(
[0.142s]   File "/usr/lib/python3/dist-packages/catkin_pkg/package.py", line 786, in parse_package_string
[0.142s]     raise InvalidPackage('Error(s):%s' % (''.join(['\n- %s' % e for e in errors])), filename)
[0.142s] catkin_pkg.package.InvalidPackage: Error(s) in package '/home/tdt/tool/ros/src/my_msgs/package.xml':
[0.142s] Error(s):
[0.143s] - The manifest of package "my_msgs" (with format version 2) must not contain the following tags: member_of_group
[0.150s] [31mCMake Error at /opt/ros/humble/share/ament_cmake_core/cmake/core/ament_package_xml.cmake:95 (message):
[0.150s]   execute_process(/usr/bin/python3
[0.150s]   /opt/ros/humble/share/ament_cmake_core/cmake/core/package_xml_2_cmake.py
[0.150s]   /home/tdt/tool/ros/src/my_msgs/package.xml
[0.150s]   /home/tdt/tool/ros/build/my_msgs/ament_cmake_core/package.cmake) returned
[0.150s]   error code 1
[0.150s] Call Stack (most recent call first):
[0.150s]   /opt/ros/humble/share/ament_cmake_core/cmake/core/ament_package_xml.cmake:49 (_ament_package_xml)
[0.150s]   /opt/ros/humble/share/ament_cmake_auto/cmake/ament_auto_find_build_dependencies.cmake:42 (ament_package_xml)
[0.150s]   CMakeLists.txt:12 (ament_auto_find_build_dependencies)
[0.150s] 
[0.150s] [0m
[0.150s] -- Configuring incomplete, errors occurred!
[0.150s] See also "/home/tdt/tool/ros/build/my_msgs/CMakeFiles/CMakeOutput.log".
[0.153s] gmake: *** [Makefile:226: cmake_check_build_system] Error 1
[0.154s] Invoked command in '/home/tdt/tool/ros/build/my_msgs' returned '2': /usr/bin/cmake --build /home/tdt/tool/ros/build/my_msgs -- -j24 -l24
