[0.007s] Invoking command in '/home/tdt/tool/ros/build/project1': CMAKE_PREFIX_PATH=${CMAKE_PREFIX_PATH}:/opt/ros/humble /usr/bin/cmake --build /home/tdt/tool/ros/build/project1 -- -j24 -l24
[0.038s] [35m[1mConsolidate compiler generated dependencies of target talker1_node[0m
[0.048s] [ 25%] [32mBuilding CXX object CMakeFiles/listener_node.dir/src/listener.cpp.o[0m
[0.050s] [ 50%] [32mBuilding CXX object CMakeFiles/talker1_node.dir/src/talker1.cpp.o[0m
[0.053s] [01m[Kcc1plus:[m[K [01;31m[Kfatal error: [m[K/home/tdt/tool/ros/src/project1/src/listener.cpp: No such file or directory
[0.053s] compilation terminated.
[0.053s] gmake[2]: *** [CMakeFiles/listener_node.dir/build.make:76: CMakeFiles/listener_node.dir/src/listener.cpp.o] Error 1
[0.054s] gmake[1]: *** [CMakeFiles/Makefile2:165: CMakeFiles/listener_node.dir/all] Error 2
[0.054s] gmake[1]: *** Waiting for unfinished jobs....
[0.055s] [01m[Kcc1plus:[m[K [01;31m[Kfatal error: [m[K/home/tdt/tool/ros/src/project1/src/talker1.cpp: No such file or directory
[0.055s] compilation terminated.
[0.055s] gmake[2]: *** [CMakeFiles/talker1_node.dir/build.make:76: CMakeFiles/talker1_node.dir/src/talker1.cpp.o] Error 1
[0.055s] gmake[1]: *** [CMakeFiles/Makefile2:139: CMakeFiles/talker1_node.dir/all] Error 2
[0.055s] gmake: *** [Makefile:146: all] Error 2
[0.062s] Invoked command in '/home/tdt/tool/ros/build/project1' returned '2': CMAKE_PREFIX_PATH=${CMAKE_PREFIX_PATH}:/opt/ros/humble /usr/bin/cmake --build /home/tdt/tool/ros/build/project1 -- -j24 -l24
