[0.007s] Invoking command in '/home/tdt/tool/ros/build/my_msgs': /usr/bin/cmake --build /home/tdt/tool/ros/build/my_msgs --clean-first -- -j24 -l24
[0.040s] -- Found ament_cmake: 1.3.12 (/opt/ros/humble/share/ament_cmake/cmake)
[0.121s] -- Found ament_cmake_auto: 1.3.12 (/opt/ros/humble/share/ament_cmake_auto/cmake)
[0.156s] Error parsing '/home/tdt/tool/ros/src/my_msgs/package.xml':
[0.185s] Traceback (most recent call last):
[0.185s]   File "/opt/ros/humble/share/ament_cmake_core/cmake/core/package_xml_2_cmake.py", line 150, in <module>
[0.185s]     main()
[0.185s]   File "/opt/ros/humble/share/ament_cmake_core/cmake/core/package_xml_2_cmake.py", line 53, in main
[0.185s]     raise e
[0.185s]   File "/opt/ros/humble/share/ament_cmake_core/cmake/core/package_xml_2_cmake.py", line 49, in main
[0.185s]     package = parse_package_string(
[0.185s]   File "/usr/lib/python3/dist-packages/catkin_pkg/package.py", line 639, in parse_package_string
[0.185s]     pkg.description = _get_node_value(_get_node(root, 'description', filename), allow_xml=True, apply_str=False)
[0.185s]   File "/usr/lib/python3/dist-packages/catkin_pkg/package.py", line 800, in _get_node
[0.185s]     raise InvalidPackage('The manifest must contain exactly one "%s" tag' % tagname, filename)
[0.185s] catkin_pkg.package.InvalidPackage: Error(s) in package '/home/tdt/tool/ros/src/my_msgs/package.xml':
[0.185s] The manifest must contain exactly one "description" tag
[0.196s] -- Configuring incomplete, errors occurred!
[0.196s] See also "/home/tdt/tool/ros/build/my_msgs/CMakeFiles/CMakeOutput.log".
[0.196s] [31mCMake Error at /opt/ros/humble/share/ament_cmake_core/cmake/core/ament_package_xml.cmake:95 (message):
[0.196s]   execute_process(/usr/bin/python3
[0.196s]   /opt/ros/humble/share/ament_cmake_core/cmake/core/package_xml_2_cmake.py
[0.197s]   /home/tdt/tool/ros/src/my_msgs/package.xml
[0.197s]   /home/tdt/tool/ros/build/my_msgs/ament_cmake_core/package.cmake) returned
[0.197s]   error code 1
[0.197s] Call Stack (most recent call first):
[0.197s]   /opt/ros/humble/share/ament_cmake_core/cmake/core/ament_package_xml.cmake:49 (_ament_package_xml)
[0.197s]   /opt/ros/humble/share/ament_cmake_auto/cmake/ament_auto_find_build_dependencies.cmake:42 (ament_package_xml)
[0.197s]   CMakeLists.txt:12 (ament_auto_find_build_dependencies)
[0.197s] 
[0.197s] [0m
[0.197s] gmake: *** [Makefile:226: cmake_check_build_system] Error 1
[0.197s] Invoked command in '/home/tdt/tool/ros/build/my_msgs' returned '2': /usr/bin/cmake --build /home/tdt/tool/ros/build/my_msgs --clean-first -- -j24 -l24
