[0.005s] Invoking command in '/home/tdt/tool/ros/build/project1': CMAKE_PREFIX_PATH=${CMAKE_PREFIX_PATH}:/opt/ros/humble /usr/bin/cmake --build /home/tdt/tool/ros/build/project1 -- -j24 -l24
[0.044s] [ 50%] [32mBuilding CXX object CMakeFiles/listener_node.dir/src/listener.cpp.o[0m
[0.044s] [ 50%] [32mBuilding CXX object CMakeFiles/talker1_node.dir/src/talker1.cpp.o[0m
[0.162s] [01m[K/home/tdt/tool/ros/src/project1/src/listener.cpp:3:10:[m[K [01;31m[Kfatal error: [m[Kmy_msgs/msg/msg1.hpp: No such file or directory
[0.163s]     3 | #include [01;31m[K"my_msgs/msg/msg1.hpp"[m[K
[0.163s]       |          [01;31m[K^~~~~~~~~~~~~~~~~~~~~~[m[K
[0.163s] compilation terminated.
[0.165s] gmake[2]: *** [CMakeFiles/listener_node.dir/build.make:76: CMakeFiles/listener_node.dir/src/listener.cpp.o] Error 1
[0.166s] gmake[1]: *** [CMakeFiles/Makefile2:165: CMakeFiles/listener_node.dir/all] Error 2
[0.166s] gmake[1]: *** Waiting for unfinished jobs....
[1.145s] [01m[K/home/tdt/tool/ros/src/project1/src/talker1.cpp:31:21:[m[K [01;31m[Kerror: [m[Kâ€˜[01m[Kmy_msgs[m[Kâ€™ was not declared in this scope
[1.145s]    31 |   rclcpp::Publisher<[01;31m[Kmy_msgs[m[K::msg::Msg1>::SharedPtr publisher_;
[1.145s]       |                     [01;31m[K^~~~~~~[m[K
[1.145s] [01m[K/home/tdt/tool/ros/src/project1/src/talker1.cpp:31:39:[m[K [01;31m[Kerror: [m[Ktemplate argument 1 is invalid
[1.145s]    31 |   rclcpp::Publisher<my_msgs::msg::Msg1[01;31m[K>[m[K::SharedPtr publisher_;
[1.145s]       |                                       [01;31m[K^[m[K
[1.145s] [01m[K/home/tdt/tool/ros/src/project1/src/talker1.cpp:31:42:[m[K [01;31m[Kerror: [m[Kexpected â€˜[01m[K;[m[Kâ€™ at end of member declaration
[1.145s]    31 |   rclcpp::Publisher<my_msgs::msg::Msg1>::[01;31m[KSharedPtr[m[K publisher_;
[1.145s]       |                                          [01;31m[K^~~~~~~~~[m[K
[1.145s]       |                                                   [32m[K;[m[K
[1.146s] [01m[K/home/tdt/tool/ros/src/project1/src/talker1.cpp:31:52:[m[K [01;31m[Kerror: [m[Kâ€˜[01m[Kpublisher_[m[Kâ€™ does not name a type; did you mean â€˜[01m[Krmw_publisher_t[m[Kâ€™?
[1.147s]    31 |   rclcpp::Publisher<my_msgs::msg::Msg1>::SharedPtr [01;31m[Kpublisher_[m[K;
[1.147s]       |                                                    [01;31m[K^~~~~~~~~~[m[K
[1.147s]       |                                                    [32m[Krmw_publisher_t[m[K
[1.150s] [01m[K/home/tdt/tool/ros/src/project1/src/talker1.cpp:[m[K In constructor â€˜[01m[KMinimalPublisher::MinimalPublisher()[m[Kâ€™:
[1.150s] [01m[K/home/tdt/tool/ros/src/project1/src/talker1.cpp:12:5:[m[K [01;31m[Kerror: [m[Kâ€˜[01m[Kpublisher_[m[Kâ€™ was not declared in this scope; did you mean â€˜[01m[Krmw_publisher_t[m[Kâ€™?
[1.150s]    12 |     [01;31m[Kpublisher_[m[K = this->create_publisher<my_msgs::msg::Msg1>("topic", 10);
[1.150s]       |     [01;31m[K^~~~~~~~~~[m[K
[1.150s]       |     [32m[Krmw_publisher_t[m[K
[1.152s] [01m[K/home/tdt/tool/ros/src/project1/src/talker1.cpp:12:41:[m[K [01;31m[Kerror: [m[Kâ€˜[01m[Kmy_msgs[m[Kâ€™ was not declared in this scope
[1.152s]    12 |     publisher_ = this->create_publisher<[01;31m[Kmy_msgs[m[K::msg::Msg1>("topic", 10);
[1.153s]       |                                         [01;31m[K^~~~~~~[m[K
[1.153s] [01m[K/home/tdt/tool/ros/src/project1/src/talker1.cpp:12:24:[m[K [01;31m[Kerror: [m[Kparse error in template argument list
[1.153s]    12 |     publisher_ = this->[01;31m[Kcreate_publisher<my_msgs::msg::Msg1>[m[K("topic", 10);
[1.153s]       |                        [01;31m[K^~~~~~~~~~~~~~~~~~~~~~~~~~~~~~~~~~~~[m[K
[1.153s] [01m[K/home/tdt/tool/ros/src/project1/src/talker1.cpp:12:60:[m[K [01;31m[Kerror: [m[Kno matching function for call to â€˜[01m[KMinimalPublisher::create_publisher<<expression error> >(const char [6], int)[m[Kâ€™
[1.153s]    12 |     publisher_ = [01;31m[Kthis->create_publisher<my_msgs::msg::Msg1>("topic", 10)[m[K;
[1.153s]       |                  [01;31m[K~~~~~~~~~~~~~~~~~~~~~~~~~~~~~~~~~~~~~~~~~~^~~~~~~~~~~~~[m[K
[1.153s] In file included from [01m[K/opt/ros/humble/include/rclcpp/rclcpp/executors/single_threaded_executor.hpp:28[m[K,
[1.154s]                  from [01m[K/opt/ros/humble/include/rclcpp/rclcpp/executors.hpp:22[m[K,
[1.154s]                  from [01m[K/opt/ros/humble/include/rclcpp/rclcpp/rclcpp.hpp:155[m[K,
[1.154s]                  from [01m[K/home/tdt/tool/ros/src/project1/src/talker1.cpp:5[m[K:
[1.154s] [01m[K/opt/ros/humble/include/rclcpp/rclcpp/node.hpp:195:3:[m[K [01;36m[Knote: [m[Kcandidate: â€˜[01m[Ktemplate<class MessageT, class AllocatorT, class PublisherT> std::shared_ptr<PublisherT> rclcpp::Node::create_publisher(const string&, const rclcpp::QoS&, const rclcpp::PublisherOptionsWithAllocator<AllocatorT>&)[m[Kâ€™
[1.154s]   195 |   [01;36m[Kcreate_publisher[m[K(
[1.154s]       |   [01;36m[K^~~~~~~~~~~~~~~~[m[K
[1.154s] [01m[K/opt/ros/humble/include/rclcpp/rclcpp/node.hpp:195:3:[m[K [01;36m[Knote: [m[K  template argument deduction/substitution failed:
[1.154s] [01m[K/home/tdt/tool/ros/src/project1/src/talker1.cpp:12:60:[m[K [01;31m[Kerror: [m[Ktemplate argument 1 is invalid
[1.154s]    12 |     publisher_ = [01;31m[Kthis->create_publisher<my_msgs::msg::Msg1>("topic", 10)[m[K;
[1.154s]       |                  [01;31m[K~~~~~~~~~~~~~~~~~~~~~~~~~~~~~~~~~~~~~~~~~~^~~~~~~~~~~~~[m[K
[1.157s] [01m[K/home/tdt/tool/ros/src/project1/src/talker1.cpp:[m[K In member function â€˜[01m[Kvoid MinimalPublisher::timer_callback()[m[Kâ€™:
[1.157s] [01m[K/home/tdt/tool/ros/src/project1/src/talker1.cpp:23:5:[m[K [01;31m[Kerror: [m[Kâ€˜[01m[Kmy_msgs[m[Kâ€™ has not been declared
[1.157s]    23 |     [01;31m[Kmy_msgs[m[K::msg::Msg1 msg;
[1.157s]       |     [01;31m[K^~~~~~~[m[K
[1.158s] [01m[K/home/tdt/tool/ros/src/project1/src/talker1.cpp:24:5:[m[K [01;31m[Kerror: [m[Kâ€˜[01m[Kmsg[m[Kâ€™ was not declared in this scope
[1.158s]    24 |     [01;31m[Kmsg[m[K.header.stamp = this->get_clock()->now();  // è®¾ç½®æ—¶é—´æˆ³
[1.158s]       |     [01;31m[K^~~[m[K
[1.158s] [01m[K/home/tdt/tool/ros/src/project1/src/talker1.cpp:24:5:[m[K [01;36m[Knote: [m[Ksuggested alternatives:
[1.158s] In file included from [01m[K/opt/ros/humble/include/builtin_interfaces/builtin_interfaces/msg/duration.hpp:7[m[K,
[1.158s]                  from [01m[K/opt/ros/humble/include/rclcpp/rclcpp/duration.hpp:20[m[K,
[1.158s]                  from [01m[K/opt/ros/humble/include/rclcpp/rclcpp/qos.hpp:20[m[K,
[1.158s]                  from [01m[K/opt/ros/humble/include/rclcpp/rclcpp/node_interfaces/node_graph_interface.hpp:32[m[K,
[1.158s]                  from [01m[K/opt/ros/humble/include/rclcpp/rclcpp/client.hpp:42[m[K,
[1.158s]                  from [01m[K/opt/ros/humble/include/rclcpp/rclcpp/callback_group.hpp:24[m[K,
[1.158s]                  from [01m[K/opt/ros/humble/include/rclcpp/rclcpp/any_executable.hpp:20[m[K,
[1.158s]                  from [01m[K/opt/ros/humble/include/rclcpp/rclcpp/memory_strategy.hpp:25[m[K,
[1.158s]                  from [01m[K/opt/ros/humble/include/rclcpp/rclcpp/memory_strategies.hpp:18[m[K,
[1.158s]                  from [01m[K/opt/ros/humble/include/rclcpp/rclcpp/executor_options.hpp:20[m[K,
[1.158s]                  from [01m[K/opt/ros/humble/include/rclcpp/rclcpp/executor.hpp:37[m[K,
[1.158s]                  from [01m[K/opt/ros/humble/include/rclcpp/rclcpp/executors/multi_threaded_executor.hpp:25[m[K,
[1.158s]                  from [01m[K/opt/ros/humble/include/rclcpp/rclcpp/executors.hpp:21[m[K,
[1.159s]                  from [01m[K/opt/ros/humble/include/rclcpp/rclcpp/rclcpp.hpp:155[m[K,
[1.159s]                  from [01m[K/home/tdt/tool/ros/src/project1/src/talker1.cpp:5[m[K:
[1.159s] [01m[K/opt/ros/humble/include/builtin_interfaces/builtin_interfaces/msg/detail/duration__struct.hpp:27:11:[m[K [01;36m[Knote: [m[K  â€˜[01m[Kbuiltin_interfaces::msg[m[Kâ€™
[1.159s]    27 | namespace [01;36m[Kmsg[m[K
[1.159s]       |           [01;36m[K^~~[m[K
[1.159s] In file included from [01m[K/opt/ros/humble/include/rcl_interfaces/rcl_interfaces/msg/set_parameters_result.hpp:7[m[K,
[1.159s]                  from [01m[K/opt/ros/humble/include/rclcpp/rclcpp/qos_overriding_options.hpp:28[m[K,
[1.159s]                  from [01m[K/opt/ros/humble/include/rclcpp/rclcpp/subscription_options.hpp:30[m[K,
[1.160s]                  from [01m[K/opt/ros/humble/include/rclcpp/rclcpp/subscription.hpp:45[m[K,
[1.160s]                  from [01m[K/opt/ros/humble/include/rclcpp/rclcpp/any_executable.hpp:25[m[K,
[1.160s]                  from [01m[K/opt/ros/humble/include/rclcpp/rclcpp/memory_strategy.hpp:25[m[K,
[1.160s]                  from [01m[K/opt/ros/humble/include/rclcpp/rclcpp/memory_strategies.hpp:18[m[K,
[1.160s]                  from [01m[K/opt/ros/humble/include/rclcpp/rclcpp/executor_options.hpp:20[m[K,
[1.160s]                  from [01m[K/opt/ros/humble/include/rclcpp/rclcpp/executor.hpp:37[m[K,
[1.160s]                  from [01m[K/opt/ros/humble/include/rclcpp/rclcpp/executors/multi_threaded_executor.hpp:25[m[K,
[1.160s]                  from [01m[K/opt/ros/humble/include/rclcpp/rclcpp/executors.hpp:21[m[K,
[1.160s]                  from [01m[K/opt/ros/humble/include/rclcpp/rclcpp/rclcpp.hpp:155[m[K,
[1.160s]                  from [01m[K/home/tdt/tool/ros/src/project1/src/talker1.cpp:5[m[K:
[1.160s] [01m[K/opt/ros/humble/include/rcl_interfaces/rcl_interfaces/msg/detail/set_parameters_result__struct.hpp:27:11:[m[K [01;36m[Knote: [m[K  â€˜[01m[Krcl_interfaces::msg[m[Kâ€™
[1.160s]    27 | namespace [01;36m[Kmsg[m[K
[1.160s]       |           [01;36m[K^~~[m[K
[1.160s] In file included from [01m[K/opt/ros/humble/include/statistics_msgs/statistics_msgs/msg/detail/metrics_message__struct.hpp:23[m[K,
[1.160s]                  from [01m[K/opt/ros/humble/include/statistics_msgs/statistics_msgs/msg/metrics_message.hpp:7[m[K,
[1.160s]                  from [01m[K/opt/ros/humble/include/libstatistics_collector/libstatistics_collector/collector/generate_statistics_message.hpp:21[m[K,
[1.160s]                  from [01m[K/opt/ros/humble/include/rclcpp/rclcpp/topic_statistics/subscription_topic_statistics.hpp:23[m[K,
[1.160s]                  from [01m[K/opt/ros/humble/include/rclcpp/rclcpp/subscription.hpp:50[m[K,
[1.160s]                  from [01m[K/opt/ros/humble/include/rclcpp/rclcpp/any_executable.hpp:25[m[K,
[1.162s]                  from [01m[K/opt/ros/humble/include/rclcpp/rclcpp/memory_strategy.hpp:25[m[K,
[1.162s]                  from [01m[K/opt/ros/humble/include/rclcpp/rclcpp/memory_strategies.hpp:18[m[K,
[1.162s]                  from [01m[K/opt/ros/humble/include/rclcpp/rclcpp/executor_options.hpp:20[m[K,
[1.162s]                  from [01m[K/opt/ros/humble/include/rclcpp/rclcpp/executor.hpp:37[m[K,
[1.162s]                  from [01m[K/opt/ros/humble/include/rclcpp/rclcpp/executors/multi_threaded_executor.hpp:25[m[K,
[1.162s]                  from [01m[K/opt/ros/humble/include/rclcpp/rclcpp/executors.hpp:21[m[K,
[1.162s]                  from [01m[K/opt/ros/humble/include/rclcpp/rclcpp/rclcpp.hpp:155[m[K,
[1.162s]                  from [01m[K/home/tdt/tool/ros/src/project1/src/talker1.cpp:5[m[K:
[1.162s] [01m[K/opt/ros/humble/include/statistics_msgs/statistics_msgs/msg/detail/statistic_data_point__struct.hpp:27:11:[m[K [01;36m[Knote: [m[K  â€˜[01m[Kstatistics_msgs::msg[m[Kâ€™
[1.162s]    27 | namespace [01;36m[Kmsg[m[K
[1.162s]       |           [01;36m[K^~~[m[K
[1.162s] In file included from [01m[K/opt/ros/humble/include/std_msgs/std_msgs/msg/string.hpp:7[m[K,
[1.162s]                  from [01m[K/home/tdt/tool/ros/src/project1/src/talker1.cpp:6[m[K:
[1.162s] [01m[K/opt/ros/humble/include/std_msgs/std_msgs/msg/detail/string__struct.hpp:27:11:[m[K [01;36m[Knote: [m[K  â€˜[01m[Kstd_msgs::msg[m[Kâ€™
[1.162s]    27 | namespace [01;36m[Kmsg[m[K
[1.162s]       |           [01;36m[K^~~[m[K
[1.163s] [01m[K/home/tdt/tool/ros/src/project1/src/talker1.cpp:28:5:[m[K [01;31m[Kerror: [m[Kâ€˜[01m[Kpublisher_[m[Kâ€™ was not declared in this scope; did you mean â€˜[01m[Krmw_publisher_t[m[Kâ€™?
[1.163s]    28 |     [01;31m[Kpublisher_[m[K->publish(msg);
[1.163s]       |     [01;31m[K^~~~~~~~~~[m[K
[1.163s]       |     [32m[Krmw_publisher_t[m[K
[1.374s] gmake[2]: *** [CMakeFiles/talker1_node.dir/build.make:76: CMakeFiles/talker1_node.dir/src/talker1.cpp.o] Error 1
[1.374s] gmake[1]: *** [CMakeFiles/Makefile2:139: CMakeFiles/talker1_node.dir/all] Error 2
[1.374s] gmake: *** [Makefile:146: all] Error 2
[1.377s] Invoked command in '/home/tdt/tool/ros/build/project1' returned '2': CMAKE_PREFIX_PATH=${CMAKE_PREFIX_PATH}:/opt/ros/humble /usr/bin/cmake --build /home/tdt/tool/ros/build/project1 -- -j24 -l24
